[19-Aug-2018 03:55:53] NOTICE: fpm is running, pid 14
[19-Aug-2018 03:55:53] NOTICE: ready to handle connections
[19-Aug-2018 04:29:27] NOTICE: Terminating ...
[19-Aug-2018 04:29:27] NOTICE: exiting, bye-bye!
[26-Aug-2018 21:22:20] NOTICE: fpm is running, pid 35
[26-Aug-2018 21:22:20] NOTICE: ready to handle connections
[26-Aug-2018 23:10:32] NOTICE: Terminating ...
[26-Aug-2018 23:10:32] NOTICE: exiting, bye-bye!
[04-Oct-2018 20:21:28] NOTICE: fpm is running, pid 8
[04-Oct-2018 20:21:28] NOTICE: ready to handle connections
[05-Oct-2018 02:50:56] NOTICE: Terminating ...
[05-Oct-2018 02:50:56] NOTICE: exiting, bye-bye!
[06-Oct-2018 20:01:10] NOTICE: fpm is running, pid 8
[06-Oct-2018 20:01:10] NOTICE: ready to handle connections
[06-Oct-2018 20:03:32] WARNING: [pool www] server reached pm.max_children setting (5), consider raising it
[08-Oct-2018 20:57:08] NOTICE: fpm is running, pid 8
[08-Oct-2018 20:57:08] NOTICE: ready to handle connections
[09-Oct-2018 21:35:56] NOTICE: Terminating ...
[09-Oct-2018 21:35:56] NOTICE: exiting, bye-bye!
[09-Oct-2018 21:36:23] NOTICE: fpm is running, pid 33
[09-Oct-2018 21:36:23] NOTICE: ready to handle connections
